INFO:     Will watch for changes in these directories: ['/home/saurav/aqi-monitor-raspi-sds011/backend']
INFO:     Uvicorn running on http://127.0.0.1:8082 (Press CTRL+C to quit)
INFO:     Started reloader process [9226] using WatchFiles
INFO:     Started server process [9231]
INFO:     Waiting for application startup.
INFO:     Application startup complete.
INFO:     127.0.0.1:51188 - "GET /aqi_data?limit=100 HTTP/1.1" 200 OK
INFO:     127.0.0.1:51190 - "GET /aqi_data?limit=100 HTTP/1.1" 200 OK
INFO:     127.0.0.1:47822 - "GET /aqi_data?limit=100 HTTP/1.1" 200 OK
INFO:     127.0.0.1:49788 - "GET /aqi_data?limit=100 HTTP/1.1" 200 OK
INFO:     127.0.0.1:59400 - "GET /aqi_data?limit=200 HTTP/1.1" 200 OK
INFO:     127.0.0.1:59402 - "GET /aqi_data?limit=500 HTTP/1.1" 200 OK
INFO:     127.0.0.1:35824 - "GET /aqi_data?limit=1000 HTTP/1.1" 200 OK
INFO:     127.0.0.1:41446 - "OPTIONS /aqi_data?limit=100 HTTP/1.1" 200 OK
INFO:     127.0.0.1:41446 - "GET /aqi_data?limit=100 HTTP/1.1" 200 OK
INFO:     127.0.0.1:50786 - "GET /aqi_data?limit=100 HTTP/1.1" 200 OK
INFO:     127.0.0.1:37614 - "GET /aqi_data?limit=100 HTTP/1.1" 200 OK
INFO:     127.0.0.1:45378 - "GET /aqi_data?limit=100 HTTP/1.1" 200 OK
INFO:     127.0.0.1:58926 - "OPTIONS /aqi_data?limit=100 HTTP/1.1" 200 OK
INFO:     127.0.0.1:58926 - "GET /aqi_data?limit=100 HTTP/1.1" 200 OK
INFO:     127.0.0.1:54922 - "GET /aqi_data?limit=100 HTTP/1.1" 200 OK
INFO:     127.0.0.1:54938 - "GET /aqi_data?limit=1000 HTTP/1.1" 200 OK
INFO:     127.0.0.1:41130 - "GET /aqi_data?limit=100 HTTP/1.1" 200 OK
INFO:     127.0.0.1:39276 - "GET /aqi_data?limit=500 HTTP/1.1" 200 OK
INFO:     127.0.0.1:39276 - "GET /aqi_data?limit=1000 HTTP/1.1" 200 OK
INFO:     127.0.0.1:46032 - "GET /aqi_data?limit=1000 HTTP/1.1" 200 OK
INFO:     127.0.0.1:48684 - "GET /aqi_data?limit=1000 HTTP/1.1" 200 OK
INFO:     127.0.0.1:45824 - "GET /aqi_data?limit=100 HTTP/1.1" 200 OK
INFO:     127.0.0.1:59998 - "GET /aqi_data?limit=1000 HTTP/1.1" 200 OK
INFO:     127.0.0.1:43268 - "GET /aqi_data?limit=2000 HTTP/1.1" 200 OK
INFO:     127.0.0.1:43268 - "GET /aqi_data?limit=100 HTTP/1.1" 200 OK
INFO:     127.0.0.1:38694 - "GET /aqi_data?limit=10000 HTTP/1.1" 200 OK
INFO:     127.0.0.1:53140 - "GET /aqi_data?limit=100 HTTP/1.1" 200 OK
INFO:     127.0.0.1:57936 - "GET /aqi_data?limit=500 HTTP/1.1" 200 OK
INFO:     127.0.0.1:37834 - "GET /aqi_data?limit=100 HTTP/1.1" 200 OK
INFO:     127.0.0.1:40874 - "OPTIONS /aqi_data?limit=100 HTTP/1.1" 200 OK
INFO:     127.0.0.1:49912 - "GET /aqi_data?limit=100 HTTP/1.1" 200 OK
INFO:     127.0.0.1:40756 - "OPTIONS /aqi_data?limit=1000 HTTP/1.1" 200 OK
INFO:     127.0.0.1:40756 - "GET /aqi_data?limit=1000 HTTP/1.1" 200 OK
INFO:     127.0.0.1:40756 - "OPTIONS /aqi_data?limit=2000 HTTP/1.1" 200 OK
INFO:     127.0.0.1:40756 - "GET /aqi_data?limit=2000 HTTP/1.1" 200 OK
INFO:     127.0.0.1:40756 - "OPTIONS /aqi_data?limit=10000 HTTP/1.1" 200 OK
INFO:     127.0.0.1:40756 - "GET /aqi_data?limit=10000 HTTP/1.1" 200 OK
INFO:     127.0.0.1:40756 - "OPTIONS /aqi_data?limit=500 HTTP/1.1" 200 OK
INFO:     127.0.0.1:40756 - "GET /aqi_data?limit=500 HTTP/1.1" 200 OK
INFO:     127.0.0.1:33276 - "GET /aqi_data?limit=100 HTTP/1.1" 200 OK
INFO:     127.0.0.1:33276 - "GET /aqi_data?limit=100 HTTP/1.1" 200 OK
INFO:     127.0.0.1:39834 - "GET /aqi_data?limit=500 HTTP/1.1" 200 OK
INFO:     127.0.0.1:48932 - "GET /aqi_data?limit=100 HTTP/1.1" 200 OK
INFO:     127.0.0.1:48946 - "GET /aqi_data?limit=500 HTTP/1.1" 200 OK
INFO:     127.0.0.1:34728 - "GET /aqi_data?limit=1000 HTTP/1.1" 200 OK
INFO:     127.0.0.1:60488 - "GET /aqi_data?limit=100 HTTP/1.1" 200 OK
INFO:     127.0.0.1:60488 - "GET /aqi_data?limit=500 HTTP/1.1" 200 OK
INFO:     127.0.0.1:46414 - "GET /aqi_data?limit=10000 HTTP/1.1" 200 OK
INFO:     127.0.0.1:49240 - "GET /aqi_data?limit=100 HTTP/1.1" 200 OK
INFO:     127.0.0.1:49240 - "GET /aqi_data?limit=500 HTTP/1.1" 200 OK
INFO:     127.0.0.1:54950 - "GET /aqi_data?limit=10000 HTTP/1.1" 200 OK
INFO:     127.0.0.1:43556 - "GET /aqi_data?limit=100 HTTP/1.1" 200 OK
INFO:     127.0.0.1:43568 - "GET /aqi_data?limit=10000 HTTP/1.1" 200 OK
INFO:     127.0.0.1:47830 - "GET /aqi_data?limit=100 HTTP/1.1" 200 OK
INFO:     127.0.0.1:56696 - "GET /aqi_data?limit=500 HTTP/1.1" 200 OK
INFO:     127.0.0.1:56696 - "GET /aqi_data?limit=1000 HTTP/1.1" 200 OK
WARNING:  WatchFiles detected changes in 'main.py'. Reloading...
INFO:     Shutting down
INFO:     Waiting for application shutdown.
INFO:     Application shutdown complete.
INFO:     Finished server process [9231]
WARNING:  WatchFiles detected changes in 'main.py'. Reloading...
Process SpawnProcess-3:
Traceback (most recent call last):
  File "/usr/lib/python3.11/multiprocessing/process.py", line 314, in _bootstrap
    self.run()
  File "/usr/lib/python3.11/multiprocessing/process.py", line 108, in run
    self._target(*self._args, **self._kwargs)
  File "/home/saurav/aqi-monitor-raspi-sds011/.venv/lib/python3.11/site-packages/uvicorn/_subprocess.py", line 80, in subprocess_started
    target(sockets=sockets)
  File "/home/saurav/aqi-monitor-raspi-sds011/.venv/lib/python3.11/site-packages/uvicorn/server.py", line 65, in run
    return asyncio.run(self.serve(sockets=sockets))
           ^^^^^^^^^^^^^^^^^^^^^^^^^^^^^^^^^^^^^^^^
  File "/usr/lib/python3.11/asyncio/runners.py", line 190, in run
    return runner.run(main)
           ^^^^^^^^^^^^^^^^
  File "/usr/lib/python3.11/asyncio/runners.py", line 118, in run
    return self._loop.run_until_complete(task)
           ^^^^^^^^^^^^^^^^^^^^^^^^^^^^^^^^^^^
  File "uvloop/loop.pyx", line 1518, in uvloop.loop.Loop.run_until_complete
  File "/home/saurav/aqi-monitor-raspi-sds011/.venv/lib/python3.11/site-packages/uvicorn/server.py", line 69, in serve
    await self._serve(sockets)
  File "/home/saurav/aqi-monitor-raspi-sds011/.venv/lib/python3.11/site-packages/uvicorn/server.py", line 76, in _serve
    config.load()
  File "/home/saurav/aqi-monitor-raspi-sds011/.venv/lib/python3.11/site-packages/uvicorn/config.py", line 434, in load
    self.loaded_app = import_from_string(self.app)
                      ^^^^^^^^^^^^^^^^^^^^^^^^^^^^
  File "/home/saurav/aqi-monitor-raspi-sds011/.venv/lib/python3.11/site-packages/uvicorn/importer.py", line 22, in import_from_string
    raise exc from None
  File "/home/saurav/aqi-monitor-raspi-sds011/.venv/lib/python3.11/site-packages/uvicorn/importer.py", line 19, in import_from_string
    module = importlib.import_module(module_str)
             ^^^^^^^^^^^^^^^^^^^^^^^^^^^^^^^^^^^
  File "/usr/lib/python3.11/importlib/__init__.py", line 126, in import_module
    return _bootstrap._gcd_import(name[level:], package, level)
           ^^^^^^^^^^^^^^^^^^^^^^^^^^^^^^^^^^^^^^^^^^^^^^^^^^^^
  File "<frozen importlib._bootstrap>", line 1206, in _gcd_import
  File "<frozen importlib._bootstrap>", line 1178, in _find_and_load
  File "<frozen importlib._bootstrap>", line 1149, in _find_and_load_unlocked
  File "<frozen importlib._bootstrap>", line 690, in _load_unlocked
  File "<frozen importlib._bootstrap_external>", line 940, in exec_module
  File "<frozen importlib._bootstrap>", line 241, in _call_with_frames_removed
  File "/home/saurav/aqi-monitor-raspi-sds011/backend/main.py", line 2, in <module>
    import requests  # To make HTTP requests
    ^^^^^^^^^^^^^^^
ModuleNotFoundError: No module named 'requests'
WARNING:  WatchFiles detected changes in 'main.py'. Reloading...
Process SpawnProcess-4:
Traceback (most recent call last):
  File "/usr/lib/python3.11/multiprocessing/process.py", line 314, in _bootstrap
    self.run()
  File "/usr/lib/python3.11/multiprocessing/process.py", line 108, in run
    self._target(*self._args, **self._kwargs)
  File "/home/saurav/aqi-monitor-raspi-sds011/.venv/lib/python3.11/site-packages/uvicorn/_subprocess.py", line 80, in subprocess_started
    target(sockets=sockets)
  File "/home/saurav/aqi-monitor-raspi-sds011/.venv/lib/python3.11/site-packages/uvicorn/server.py", line 65, in run
    return asyncio.run(self.serve(sockets=sockets))
           ^^^^^^^^^^^^^^^^^^^^^^^^^^^^^^^^^^^^^^^^
  File "/usr/lib/python3.11/asyncio/runners.py", line 190, in run
    return runner.run(main)
           ^^^^^^^^^^^^^^^^
  File "/usr/lib/python3.11/asyncio/runners.py", line 118, in run
    return self._loop.run_until_complete(task)
           ^^^^^^^^^^^^^^^^^^^^^^^^^^^^^^^^^^^
  File "uvloop/loop.pyx", line 1518, in uvloop.loop.Loop.run_until_complete
  File "/home/saurav/aqi-monitor-raspi-sds011/.venv/lib/python3.11/site-packages/uvicorn/server.py", line 69, in serve
    await self._serve(sockets)
  File "/home/saurav/aqi-monitor-raspi-sds011/.venv/lib/python3.11/site-packages/uvicorn/server.py", line 76, in _serve
    config.load()
  File "/home/saurav/aqi-monitor-raspi-sds011/.venv/lib/python3.11/site-packages/uvicorn/config.py", line 434, in load
    self.loaded_app = import_from_string(self.app)
                      ^^^^^^^^^^^^^^^^^^^^^^^^^^^^
  File "/home/saurav/aqi-monitor-raspi-sds011/.venv/lib/python3.11/site-packages/uvicorn/importer.py", line 22, in import_from_string
    raise exc from None
  File "/home/saurav/aqi-monitor-raspi-sds011/.venv/lib/python3.11/site-packages/uvicorn/importer.py", line 19, in import_from_string
    module = importlib.import_module(module_str)
             ^^^^^^^^^^^^^^^^^^^^^^^^^^^^^^^^^^^
  File "/usr/lib/python3.11/importlib/__init__.py", line 126, in import_module
    return _bootstrap._gcd_import(name[level:], package, level)
           ^^^^^^^^^^^^^^^^^^^^^^^^^^^^^^^^^^^^^^^^^^^^^^^^^^^^
  File "<frozen importlib._bootstrap>", line 1206, in _gcd_import
  File "<frozen importlib._bootstrap>", line 1178, in _find_and_load
  File "<frozen importlib._bootstrap>", line 1149, in _find_and_load_unlocked
  File "<frozen importlib._bootstrap>", line 690, in _load_unlocked
  File "<frozen importlib._bootstrap_external>", line 940, in exec_module
  File "<frozen importlib._bootstrap>", line 241, in _call_with_frames_removed
  File "/home/saurav/aqi-monitor-raspi-sds011/backend/main.py", line 2, in <module>
    import requests  # To make HTTP requests
    ^^^^^^^^^^^^^^^
ModuleNotFoundError: No module named 'requests'
WARNING:  WatchFiles detected changes in 'main.py'. Reloading...
Process SpawnProcess-5:
Traceback (most recent call last):
  File "/usr/lib/python3.11/multiprocessing/process.py", line 314, in _bootstrap
    self.run()
  File "/usr/lib/python3.11/multiprocessing/process.py", line 108, in run
    self._target(*self._args, **self._kwargs)
  File "/home/saurav/aqi-monitor-raspi-sds011/.venv/lib/python3.11/site-packages/uvicorn/_subprocess.py", line 80, in subprocess_started
    target(sockets=sockets)
  File "/home/saurav/aqi-monitor-raspi-sds011/.venv/lib/python3.11/site-packages/uvicorn/server.py", line 65, in run
    return asyncio.run(self.serve(sockets=sockets))
           ^^^^^^^^^^^^^^^^^^^^^^^^^^^^^^^^^^^^^^^^
  File "/usr/lib/python3.11/asyncio/runners.py", line 190, in run
    return runner.run(main)
           ^^^^^^^^^^^^^^^^
  File "/usr/lib/python3.11/asyncio/runners.py", line 118, in run
    return self._loop.run_until_complete(task)
           ^^^^^^^^^^^^^^^^^^^^^^^^^^^^^^^^^^^
  File "uvloop/loop.pyx", line 1518, in uvloop.loop.Loop.run_until_complete
  File "/home/saurav/aqi-monitor-raspi-sds011/.venv/lib/python3.11/site-packages/uvicorn/server.py", line 69, in serve
    await self._serve(sockets)
  File "/home/saurav/aqi-monitor-raspi-sds011/.venv/lib/python3.11/site-packages/uvicorn/server.py", line 76, in _serve
    config.load()
  File "/home/saurav/aqi-monitor-raspi-sds011/.venv/lib/python3.11/site-packages/uvicorn/config.py", line 434, in load
    self.loaded_app = import_from_string(self.app)
                      ^^^^^^^^^^^^^^^^^^^^^^^^^^^^
  File "/home/saurav/aqi-monitor-raspi-sds011/.venv/lib/python3.11/site-packages/uvicorn/importer.py", line 22, in import_from_string
    raise exc from None
  File "/home/saurav/aqi-monitor-raspi-sds011/.venv/lib/python3.11/site-packages/uvicorn/importer.py", line 19, in import_from_string
    module = importlib.import_module(module_str)
             ^^^^^^^^^^^^^^^^^^^^^^^^^^^^^^^^^^^
  File "/usr/lib/python3.11/importlib/__init__.py", line 126, in import_module
    return _bootstrap._gcd_import(name[level:], package, level)
           ^^^^^^^^^^^^^^^^^^^^^^^^^^^^^^^^^^^^^^^^^^^^^^^^^^^^
  File "<frozen importlib._bootstrap>", line 1206, in _gcd_import
  File "<frozen importlib._bootstrap>", line 1178, in _find_and_load
  File "<frozen importlib._bootstrap>", line 1149, in _find_and_load_unlocked
  File "<frozen importlib._bootstrap>", line 690, in _load_unlocked
  File "<frozen importlib._bootstrap_external>", line 940, in exec_module
  File "<frozen importlib._bootstrap>", line 241, in _call_with_frames_removed
  File "/home/saurav/aqi-monitor-raspi-sds011/backend/main.py", line 2, in <module>
    import requests  # To make HTTP requests
    ^^^^^^^^^^^^^^^
ModuleNotFoundError: No module named 'requests'
WARNING:  WatchFiles detected changes in 'main.py'. Reloading...
WARNING:  WatchFiles detected changes in 'main.py'. Reloading...
Process SpawnProcess-7:
Traceback (most recent call last):
  File "/usr/lib/python3.11/multiprocessing/process.py", line 314, in _bootstrap
    self.run()
  File "/usr/lib/python3.11/multiprocessing/process.py", line 108, in run
    self._target(*self._args, **self._kwargs)
  File "/home/saurav/aqi-monitor-raspi-sds011/.venv/lib/python3.11/site-packages/uvicorn/_subprocess.py", line 80, in subprocess_started
    target(sockets=sockets)
  File "/home/saurav/aqi-monitor-raspi-sds011/.venv/lib/python3.11/site-packages/uvicorn/server.py", line 65, in run
    return asyncio.run(self.serve(sockets=sockets))
           ^^^^^^^^^^^^^^^^^^^^^^^^^^^^^^^^^^^^^^^^
  File "/usr/lib/python3.11/asyncio/runners.py", line 190, in run
    return runner.run(main)
           ^^^^^^^^^^^^^^^^
  File "/usr/lib/python3.11/asyncio/runners.py", line 118, in run
    return self._loop.run_until_complete(task)
           ^^^^^^^^^^^^^^^^^^^^^^^^^^^^^^^^^^^
  File "uvloop/loop.pyx", line 1518, in uvloop.loop.Loop.run_until_complete
  File "/home/saurav/aqi-monitor-raspi-sds011/.venv/lib/python3.11/site-packages/uvicorn/server.py", line 69, in serve
    await self._serve(sockets)
  File "/home/saurav/aqi-monitor-raspi-sds011/.venv/lib/python3.11/site-packages/uvicorn/server.py", line 76, in _serve
    config.load()
  File "/home/saurav/aqi-monitor-raspi-sds011/.venv/lib/python3.11/site-packages/uvicorn/config.py", line 434, in load
    self.loaded_app = import_from_string(self.app)
                      ^^^^^^^^^^^^^^^^^^^^^^^^^^^^
  File "/home/saurav/aqi-monitor-raspi-sds011/.venv/lib/python3.11/site-packages/uvicorn/importer.py", line 22, in import_from_string
    raise exc from None
  File "/home/saurav/aqi-monitor-raspi-sds011/.venv/lib/python3.11/site-packages/uvicorn/importer.py", line 19, in import_from_string
    module = importlib.import_module(module_str)
             ^^^^^^^^^^^^^^^^^^^^^^^^^^^^^^^^^^^
  File "/usr/lib/python3.11/importlib/__init__.py", line 126, in import_module
    return _bootstrap._gcd_import(name[level:], package, level)
           ^^^^^^^^^^^^^^^^^^^^^^^^^^^^^^^^^^^^^^^^^^^^^^^^^^^^
  File "<frozen importlib._bootstrap>", line 1206, in _gcd_import
  File "<frozen importlib._bootstrap>", line 1178, in _find_and_load
  File "<frozen importlib._bootstrap>", line 1149, in _find_and_load_unlocked
  File "<frozen importlib._bootstrap>", line 690, in _load_unlocked
  File "<frozen importlib._bootstrap_external>", line 940, in exec_module
  File "<frozen importlib._bootstrap>", line 241, in _call_with_frames_removed
  File "/home/saurav/aqi-monitor-raspi-sds011/backend/main.py", line 2, in <module>
    import requests  # To make HTTP requests
    ^^^^^^^^^^^^^^^
ModuleNotFoundError: No module named 'requests'
WARNING:  WatchFiles detected changes in 'main.py'. Reloading...
Process SpawnProcess-8:
Traceback (most recent call last):
  File "/usr/lib/python3.11/multiprocessing/process.py", line 314, in _bootstrap
    self.run()
  File "/usr/lib/python3.11/multiprocessing/process.py", line 108, in run
    self._target(*self._args, **self._kwargs)
  File "/home/saurav/aqi-monitor-raspi-sds011/.venv/lib/python3.11/site-packages/uvicorn/_subprocess.py", line 80, in subprocess_started
    target(sockets=sockets)
  File "/home/saurav/aqi-monitor-raspi-sds011/.venv/lib/python3.11/site-packages/uvicorn/server.py", line 65, in run
    return asyncio.run(self.serve(sockets=sockets))
           ^^^^^^^^^^^^^^^^^^^^^^^^^^^^^^^^^^^^^^^^
  File "/usr/lib/python3.11/asyncio/runners.py", line 190, in run
    return runner.run(main)
           ^^^^^^^^^^^^^^^^
  File "/usr/lib/python3.11/asyncio/runners.py", line 118, in run
    return self._loop.run_until_complete(task)
           ^^^^^^^^^^^^^^^^^^^^^^^^^^^^^^^^^^^
  File "uvloop/loop.pyx", line 1518, in uvloop.loop.Loop.run_until_complete
  File "/home/saurav/aqi-monitor-raspi-sds011/.venv/lib/python3.11/site-packages/uvicorn/server.py", line 69, in serve
    await self._serve(sockets)
  File "/home/saurav/aqi-monitor-raspi-sds011/.venv/lib/python3.11/site-packages/uvicorn/server.py", line 76, in _serve
    config.load()
  File "/home/saurav/aqi-monitor-raspi-sds011/.venv/lib/python3.11/site-packages/uvicorn/config.py", line 434, in load
    self.loaded_app = import_from_string(self.app)
                      ^^^^^^^^^^^^^^^^^^^^^^^^^^^^
  File "/home/saurav/aqi-monitor-raspi-sds011/.venv/lib/python3.11/site-packages/uvicorn/importer.py", line 22, in import_from_string
    raise exc from None
  File "/home/saurav/aqi-monitor-raspi-sds011/.venv/lib/python3.11/site-packages/uvicorn/importer.py", line 19, in import_from_string
    module = importlib.import_module(module_str)
             ^^^^^^^^^^^^^^^^^^^^^^^^^^^^^^^^^^^
  File "/usr/lib/python3.11/importlib/__init__.py", line 126, in import_module
    return _bootstrap._gcd_import(name[level:], package, level)
           ^^^^^^^^^^^^^^^^^^^^^^^^^^^^^^^^^^^^^^^^^^^^^^^^^^^^
  File "<frozen importlib._bootstrap>", line 1206, in _gcd_import
  File "<frozen importlib._bootstrap>", line 1178, in _find_and_load
  File "<frozen importlib._bootstrap>", line 1149, in _find_and_load_unlocked
  File "<frozen importlib._bootstrap>", line 690, in _load_unlocked
  File "<frozen importlib._bootstrap_external>", line 940, in exec_module
  File "<frozen importlib._bootstrap>", line 241, in _call_with_frames_removed
  File "/home/saurav/aqi-monitor-raspi-sds011/backend/main.py", line 2, in <module>
    import requests  # To make HTTP requests
    ^^^^^^^^^^^^^^^
ModuleNotFoundError: No module named 'requests'
WARNING:  WatchFiles detected changes in 'main.py'. Reloading...
WARNING:  WatchFiles detected changes in 'main.py'. Reloading...
Process SpawnProcess-10:
Traceback (most recent call last):
  File "/usr/lib/python3.11/multiprocessing/process.py", line 314, in _bootstrap
    self.run()
  File "/usr/lib/python3.11/multiprocessing/process.py", line 108, in run
    self._target(*self._args, **self._kwargs)
  File "/home/saurav/aqi-monitor-raspi-sds011/.venv/lib/python3.11/site-packages/uvicorn/_subprocess.py", line 80, in subprocess_started
    target(sockets=sockets)
  File "/home/saurav/aqi-monitor-raspi-sds011/.venv/lib/python3.11/site-packages/uvicorn/server.py", line 65, in run
    return asyncio.run(self.serve(sockets=sockets))
           ^^^^^^^^^^^^^^^^^^^^^^^^^^^^^^^^^^^^^^^^
  File "/usr/lib/python3.11/asyncio/runners.py", line 190, in run
    return runner.run(main)
           ^^^^^^^^^^^^^^^^
  File "/usr/lib/python3.11/asyncio/runners.py", line 118, in run
    return self._loop.run_until_complete(task)
           ^^^^^^^^^^^^^^^^^^^^^^^^^^^^^^^^^^^
  File "uvloop/loop.pyx", line 1518, in uvloop.loop.Loop.run_until_complete
  File "/home/saurav/aqi-monitor-raspi-sds011/.venv/lib/python3.11/site-packages/uvicorn/server.py", line 69, in serve
    await self._serve(sockets)
  File "/home/saurav/aqi-monitor-raspi-sds011/.venv/lib/python3.11/site-packages/uvicorn/server.py", line 76, in _serve
    config.load()
  File "/home/saurav/aqi-monitor-raspi-sds011/.venv/lib/python3.11/site-packages/uvicorn/config.py", line 434, in load
    self.loaded_app = import_from_string(self.app)
                      ^^^^^^^^^^^^^^^^^^^^^^^^^^^^
  File "/home/saurav/aqi-monitor-raspi-sds011/.venv/lib/python3.11/site-packages/uvicorn/importer.py", line 22, in import_from_string
    raise exc from None
  File "/home/saurav/aqi-monitor-raspi-sds011/.venv/lib/python3.11/site-packages/uvicorn/importer.py", line 19, in import_from_string
    module = importlib.import_module(module_str)
             ^^^^^^^^^^^^^^^^^^^^^^^^^^^^^^^^^^^
  File "/usr/lib/python3.11/importlib/__init__.py", line 126, in import_module
    return _bootstrap._gcd_import(name[level:], package, level)
           ^^^^^^^^^^^^^^^^^^^^^^^^^^^^^^^^^^^^^^^^^^^^^^^^^^^^
  File "<frozen importlib._bootstrap>", line 1206, in _gcd_import
  File "<frozen importlib._bootstrap>", line 1178, in _find_and_load
  File "<frozen importlib._bootstrap>", line 1149, in _find_and_load_unlocked
  File "<frozen importlib._bootstrap>", line 690, in _load_unlocked
  File "<frozen importlib._bootstrap_external>", line 940, in exec_module
  File "<frozen importlib._bootstrap>", line 241, in _call_with_frames_removed
  File "/home/saurav/aqi-monitor-raspi-sds011/backend/main.py", line 2, in <module>
    import requests
ModuleNotFoundError: No module named 'requests'
WARNING:  WatchFiles detected changes in 'main.py'. Reloading...
WARNING:  WatchFiles detected changes in 'main.py'. Reloading...
Process SpawnProcess-11:
Traceback (most recent call last):
  File "/usr/lib/python3.11/multiprocessing/process.py", line 314, in _bootstrap
    self.run()
  File "/usr/lib/python3.11/multiprocessing/process.py", line 108, in run
    self._target(*self._args, **self._kwargs)
  File "/home/saurav/aqi-monitor-raspi-sds011/.venv/lib/python3.11/site-packages/uvicorn/_subprocess.py", line 80, in subprocess_started
    target(sockets=sockets)
  File "/home/saurav/aqi-monitor-raspi-sds011/.venv/lib/python3.11/site-packages/uvicorn/server.py", line 65, in run
    return asyncio.run(self.serve(sockets=sockets))
           ^^^^^^^^^^^^^^^^^^^^^^^^^^^^^^^^^^^^^^^^
  File "/usr/lib/python3.11/asyncio/runners.py", line 190, in run
    return runner.run(main)
           ^^^^^^^^^^^^^^^^
  File "/usr/lib/python3.11/asyncio/runners.py", line 118, in run
    return self._loop.run_until_complete(task)
           ^^^^^^^^^^^^^^^^^^^^^^^^^^^^^^^^^^^
  File "uvloop/loop.pyx", line 1518, in uvloop.loop.Loop.run_until_complete
  File "/home/saurav/aqi-monitor-raspi-sds011/.venv/lib/python3.11/site-packages/uvicorn/server.py", line 69, in serve
    await self._serve(sockets)
  File "/home/saurav/aqi-monitor-raspi-sds011/.venv/lib/python3.11/site-packages/uvicorn/server.py", line 76, in _serve
    config.load()
  File "/home/saurav/aqi-monitor-raspi-sds011/.venv/lib/python3.11/site-packages/uvicorn/config.py", line 434, in load
    self.loaded_app = import_from_string(self.app)
                      ^^^^^^^^^^^^^^^^^^^^^^^^^^^^
  File "/home/saurav/aqi-monitor-raspi-sds011/.venv/lib/python3.11/site-packages/uvicorn/importer.py", line 22, in import_from_string
    raise exc from None
  File "/home/saurav/aqi-monitor-raspi-sds011/.venv/lib/python3.11/site-packages/uvicorn/importer.py", line 19, in import_from_string
    module = importlib.import_module(module_str)
             ^^^^^^^^^^^^^^^^^^^^^^^^^^^^^^^^^^^
  File "/usr/lib/python3.11/importlib/__init__.py", line 126, in import_module
    return _bootstrap._gcd_import(name[level:], package, level)
           ^^^^^^^^^^^^^^^^^^^^^^^^^^^^^^^^^^^^^^^^^^^^^^^^^^^^
  File "<frozen importlib._bootstrap>", line 1206, in _gcd_import
  File "<frozen importlib._bootstrap>", line 1178, in _find_and_load
  File "<frozen importlib._bootstrap>", line 1149, in _find_and_load_unlocked
  File "<frozen importlib._bootstrap>", line 690, in _load_unlocked
  File "<frozen importlib._bootstrap_external>", line 940, in exec_module
  File "<frozen importlib._bootstrap>", line 241, in _call_with_frames_removed
  File "/home/saurav/aqi-monitor-raspi-sds011/backend/main.py", line 2, in <module>
    import requests
ModuleNotFoundError: No module named 'requests'
WARNING:  WatchFiles detected changes in 'main.py'. Reloading...
Process SpawnProcess-13:
Traceback (most recent call last):
  File "/usr/lib/python3.11/multiprocessing/process.py", line 314, in _bootstrap
    self.run()
  File "/usr/lib/python3.11/multiprocessing/process.py", line 108, in run
    self._target(*self._args, **self._kwargs)
  File "/home/saurav/aqi-monitor-raspi-sds011/.venv/lib/python3.11/site-packages/uvicorn/_subprocess.py", line 80, in subprocess_started
    target(sockets=sockets)
  File "/home/saurav/aqi-monitor-raspi-sds011/.venv/lib/python3.11/site-packages/uvicorn/server.py", line 65, in run
    return asyncio.run(self.serve(sockets=sockets))
           ^^^^^^^^^^^^^^^^^^^^^^^^^^^^^^^^^^^^^^^^
  File "/usr/lib/python3.11/asyncio/runners.py", line 190, in run
    return runner.run(main)
           ^^^^^^^^^^^^^^^^
  File "/usr/lib/python3.11/asyncio/runners.py", line 118, in run
    return self._loop.run_until_complete(task)
           ^^^^^^^^^^^^^^^^^^^^^^^^^^^^^^^^^^^
  File "uvloop/loop.pyx", line 1518, in uvloop.loop.Loop.run_until_complete
  File "/home/saurav/aqi-monitor-raspi-sds011/.venv/lib/python3.11/site-packages/uvicorn/server.py", line 69, in serve
    await self._serve(sockets)
  File "/home/saurav/aqi-monitor-raspi-sds011/.venv/lib/python3.11/site-packages/uvicorn/server.py", line 76, in _serve
    config.load()
  File "/home/saurav/aqi-monitor-raspi-sds011/.venv/lib/python3.11/site-packages/uvicorn/config.py", line 434, in load
    self.loaded_app = import_from_string(self.app)
                      ^^^^^^^^^^^^^^^^^^^^^^^^^^^^
  File "/home/saurav/aqi-monitor-raspi-sds011/.venv/lib/python3.11/site-packages/uvicorn/importer.py", line 22, in import_from_string
    raise exc from None
  File "/home/saurav/aqi-monitor-raspi-sds011/.venv/lib/python3.11/site-packages/uvicorn/importer.py", line 19, in import_from_string
    module = importlib.import_module(module_str)
             ^^^^^^^^^^^^^^^^^^^^^^^^^^^^^^^^^^^
  File "/usr/lib/python3.11/importlib/__init__.py", line 126, in import_module
    return _bootstrap._gcd_import(name[level:], package, level)
           ^^^^^^^^^^^^^^^^^^^^^^^^^^^^^^^^^^^^^^^^^^^^^^^^^^^^
  File "<frozen importlib._bootstrap>", line 1206, in _gcd_import
  File "<frozen importlib._bootstrap>", line 1178, in _find_and_load
  File "<frozen importlib._bootstrap>", line 1149, in _find_and_load_unlocked
  File "<frozen importlib._bootstrap>", line 690, in _load_unlocked
  File "<frozen importlib._bootstrap_external>", line 940, in exec_module
  File "<frozen importlib._bootstrap>", line 241, in _call_with_frames_removed
  File "/home/saurav/aqi-monitor-raspi-sds011/backend/main.py", line 2, in <module>
    import requests
ModuleNotFoundError: No module named 'requests'
WARNING:  WatchFiles detected changes in 'main.py'. Reloading...
Process SpawnProcess-14:
Traceback (most recent call last):
  File "/usr/lib/python3.11/multiprocessing/process.py", line 314, in _bootstrap
    self.run()
  File "/usr/lib/python3.11/multiprocessing/process.py", line 108, in run
    self._target(*self._args, **self._kwargs)
  File "/home/saurav/aqi-monitor-raspi-sds011/.venv/lib/python3.11/site-packages/uvicorn/_subprocess.py", line 80, in subprocess_started
    target(sockets=sockets)
  File "/home/saurav/aqi-monitor-raspi-sds011/.venv/lib/python3.11/site-packages/uvicorn/server.py", line 65, in run
    return asyncio.run(self.serve(sockets=sockets))
           ^^^^^^^^^^^^^^^^^^^^^^^^^^^^^^^^^^^^^^^^
  File "/usr/lib/python3.11/asyncio/runners.py", line 190, in run
    return runner.run(main)
           ^^^^^^^^^^^^^^^^
  File "/usr/lib/python3.11/asyncio/runners.py", line 118, in run
    return self._loop.run_until_complete(task)
           ^^^^^^^^^^^^^^^^^^^^^^^^^^^^^^^^^^^
  File "uvloop/loop.pyx", line 1518, in uvloop.loop.Loop.run_until_complete
  File "/home/saurav/aqi-monitor-raspi-sds011/.venv/lib/python3.11/site-packages/uvicorn/server.py", line 69, in serve
    await self._serve(sockets)
  File "/home/saurav/aqi-monitor-raspi-sds011/.venv/lib/python3.11/site-packages/uvicorn/server.py", line 76, in _serve
    config.load()
  File "/home/saurav/aqi-monitor-raspi-sds011/.venv/lib/python3.11/site-packages/uvicorn/config.py", line 434, in load
    self.loaded_app = import_from_string(self.app)
                      ^^^^^^^^^^^^^^^^^^^^^^^^^^^^
  File "/home/saurav/aqi-monitor-raspi-sds011/.venv/lib/python3.11/site-packages/uvicorn/importer.py", line 22, in import_from_string
    raise exc from None
  File "/home/saurav/aqi-monitor-raspi-sds011/.venv/lib/python3.11/site-packages/uvicorn/importer.py", line 19, in import_from_string
    module = importlib.import_module(module_str)
             ^^^^^^^^^^^^^^^^^^^^^^^^^^^^^^^^^^^
  File "/usr/lib/python3.11/importlib/__init__.py", line 126, in import_module
    return _bootstrap._gcd_import(name[level:], package, level)
           ^^^^^^^^^^^^^^^^^^^^^^^^^^^^^^^^^^^^^^^^^^^^^^^^^^^^
  File "<frozen importlib._bootstrap>", line 1206, in _gcd_import
  File "<frozen importlib._bootstrap>", line 1178, in _find_and_load
  File "<frozen importlib._bootstrap>", line 1149, in _find_and_load_unlocked
  File "<frozen importlib._bootstrap>", line 690, in _load_unlocked
  File "<frozen importlib._bootstrap_external>", line 940, in exec_module
  File "<frozen importlib._bootstrap>", line 241, in _call_with_frames_removed
  File "/home/saurav/aqi-monitor-raspi-sds011/backend/main.py", line 2, in <module>
    import requests
ModuleNotFoundError: No module named 'requests'
WARNING:  WatchFiles detected changes in 'main.py'. Reloading...
Process SpawnProcess-15:
Traceback (most recent call last):
  File "/usr/lib/python3.11/multiprocessing/process.py", line 314, in _bootstrap
    self.run()
  File "/usr/lib/python3.11/multiprocessing/process.py", line 108, in run
    self._target(*self._args, **self._kwargs)
  File "/home/saurav/aqi-monitor-raspi-sds011/.venv/lib/python3.11/site-packages/uvicorn/_subprocess.py", line 80, in subprocess_started
    target(sockets=sockets)
  File "/home/saurav/aqi-monitor-raspi-sds011/.venv/lib/python3.11/site-packages/uvicorn/server.py", line 65, in run
    return asyncio.run(self.serve(sockets=sockets))
           ^^^^^^^^^^^^^^^^^^^^^^^^^^^^^^^^^^^^^^^^
  File "/usr/lib/python3.11/asyncio/runners.py", line 190, in run
    return runner.run(main)
           ^^^^^^^^^^^^^^^^
  File "/usr/lib/python3.11/asyncio/runners.py", line 118, in run
    return self._loop.run_until_complete(task)
           ^^^^^^^^^^^^^^^^^^^^^^^^^^^^^^^^^^^
  File "uvloop/loop.pyx", line 1518, in uvloop.loop.Loop.run_until_complete
  File "/home/saurav/aqi-monitor-raspi-sds011/.venv/lib/python3.11/site-packages/uvicorn/server.py", line 69, in serve
    await self._serve(sockets)
  File "/home/saurav/aqi-monitor-raspi-sds011/.venv/lib/python3.11/site-packages/uvicorn/server.py", line 76, in _serve
    config.load()
  File "/home/saurav/aqi-monitor-raspi-sds011/.venv/lib/python3.11/site-packages/uvicorn/config.py", line 434, in load
    self.loaded_app = import_from_string(self.app)
                      ^^^^^^^^^^^^^^^^^^^^^^^^^^^^
  File "/home/saurav/aqi-monitor-raspi-sds011/.venv/lib/python3.11/site-packages/uvicorn/importer.py", line 22, in import_from_string
    raise exc from None
  File "/home/saurav/aqi-monitor-raspi-sds011/.venv/lib/python3.11/site-packages/uvicorn/importer.py", line 19, in import_from_string
    module = importlib.import_module(module_str)
             ^^^^^^^^^^^^^^^^^^^^^^^^^^^^^^^^^^^
  File "/usr/lib/python3.11/importlib/__init__.py", line 126, in import_module
    return _bootstrap._gcd_import(name[level:], package, level)
           ^^^^^^^^^^^^^^^^^^^^^^^^^^^^^^^^^^^^^^^^^^^^^^^^^^^^
  File "<frozen importlib._bootstrap>", line 1206, in _gcd_import
  File "<frozen importlib._bootstrap>", line 1178, in _find_and_load
  File "<frozen importlib._bootstrap>", line 1149, in _find_and_load_unlocked
  File "<frozen importlib._bootstrap>", line 690, in _load_unlocked
  File "<frozen importlib._bootstrap_external>", line 940, in exec_module
  File "<frozen importlib._bootstrap>", line 241, in _call_with_frames_removed
  File "/home/saurav/aqi-monitor-raspi-sds011/backend/main.py", line 2, in <module>
    import requests
ModuleNotFoundError: No module named 'requests'
WARNING:  WatchFiles detected changes in 'main.py'. Reloading...
INFO:     Started server process [17463]
INFO:     Waiting for application startup.
INFO:     Application startup complete.
INFO:     127.0.0.1:55748 - "GET /aqi_data?limit=100 HTTP/1.1" 404 Not Found
INFO:     127.0.0.1:47238 - "GET /aqi_data?limit=100 HTTP/1.1" 404 Not Found
INFO:     127.0.0.1:60754 - "GET / HTTP/1.1" 404 Not Found
INFO:     127.0.0.1:42076 - "GET /aqi_data?limit=500 HTTP/1.1" 404 Not Found
INFO:     127.0.0.1:42092 - "GET /aqi_data?limit=500 HTTP/1.1" 404 Not Found
INFO:     127.0.0.1:42092 - "GET /favicon.ico HTTP/1.1" 404 Not Found
WARNING:  WatchFiles detected changes in 'main.py'. Reloading...
INFO:     Shutting down
INFO:     Waiting for application shutdown.
INFO:     Application shutdown complete.
INFO:     Finished server process [17463]
INFO:     Started server process [17534]
INFO:     Waiting for application startup.
INFO:     Application startup complete.
INFO:     127.0.0.1:55134 - "GET /aqi_data?limit=500 HTTP/1.1" 404 Not Found
INFO:     127.0.0.1:55146 - "GET /aqi_data?limit=500 HTTP/1.1" 404 Not Found
WARNING:  WatchFiles detected changes in 'main.py'. Reloading...
INFO:     Shutting down
INFO:     Waiting for application shutdown.
INFO:     Application shutdown complete.
INFO:     Finished server process [17534]
INFO:     Started server process [17614]
INFO:     Waiting for application startup.
INFO:     Application startup complete.
WARNING:  WatchFiles detected changes in 'main.py'. Reloading...
INFO:     Shutting down
INFO:     Waiting for application shutdown.
INFO:     Application shutdown complete.
INFO:     Finished server process [17614]
INFO:     Started server process [17695]
INFO:     Waiting for application startup.
INFO:     Application startup complete.
INFO:     Will watch for changes in these directories: ['/home/saurav/aqi-monitor-raspi-sds011/backend']
INFO:     Uvicorn running on http://127.0.0.1:8082 (Press CTRL+C to quit)
INFO:     Started reloader process [26903] using WatchFiles
INFO:     Started server process [26906]
INFO:     Waiting for application startup.
INFO:     Application startup complete.
WARNING:  WatchFiles detected changes in 'main.py'. Reloading...
INFO:     Shutting down
INFO:     Waiting for application shutdown.
INFO:     Application shutdown complete.
INFO:     Finished server process [26906]
INFO:     Started server process [27138]
INFO:     Waiting for application startup.
INFO:     Application startup complete.
Failed to send info alert to Slack: 404 Client Error: Not Found for url: https://hooks.slack.com/services/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
INFO:     127.0.0.1:56532 - "GET /aqi_data?limit=50 HTTP/1.1" 200 OK
WARNING:  WatchFiles detected changes in 'main.py'. Reloading...
INFO:     Shutting down
INFO:     Waiting for application shutdown.
INFO:     Application shutdown complete.
INFO:     Finished server process [27138]
INFO:     Started server process [27236]
INFO:     Waiting for application startup.
INFO:     Application startup complete.
WARNING:  WatchFiles detected changes in 'main.py'. Reloading...
INFO:     Shutting down
INFO:     Waiting for application shutdown.
INFO:     Application shutdown complete.
INFO:     Finished server process [27236]
INFO:     Started server process [27333]
INFO:     Waiting for application startup.
INFO:     Application startup complete.
WARNING:  WatchFiles detected changes in 'main.py'. Reloading...
INFO:     Shutting down
INFO:     Waiting for application shutdown.
INFO:     Application shutdown complete.
INFO:     Finished server process [27333]
WARNING:  WatchFiles detected changes in 'main.py'. Reloading...
INFO:     Started server process [27390]
INFO:     Waiting for application startup.
INFO:     Application startup complete.
INFO:     Started server process [27449]
INFO:     Waiting for application startup.
INFO:     Application startup complete.
